2020-07-02 14:27:10 INFO  TestBase:59 - EXECUTING THE GET RECORD METHOD WITH STATUS CODE VALIDATION !
2020-07-02 14:27:17 INFO  TestBase:59 - EXECUTING THE GET RECORD METHOD WITH RESPONSE TIME VALIDATION !
2020-07-02 14:27:17 INFO  TestBase:59 - EXECUTING THE GET RECORD METHOD WITH BODY VALIDATION !
2020-07-02 14:27:18 INFO  TestBase:59 - EXECUTING THE GET RECORD METHOD WITH FIELD VALIDATION !
2020-07-02 14:27:20 INFO  TestBase:59 - EXECUTING THE GET RECORD METHOD WITH HEADER VALIDATION !
2020-07-02 14:27:21 INFO  TestBase:59 - EXECUTING THE GET RECORD METHOD WITH STATUS CODE VALIDATION !
2020-07-02 14:27:22 INFO  TestBase:59 - EXECUTING THE GET RECORD METHOD WITH RESPONSE TIME VALIDATION !
2020-07-02 14:27:22 INFO  TestBase:59 - EXECUTING THE GET RECORD METHOD WITH BODY VALIDATION !
2020-07-02 14:27:23 INFO  TestBase:59 - EXECUTING THE GET RECORD METHOD WITH FIELD VALIDATION !
2020-07-02 14:27:24 INFO  TestBase:59 - EXECUTING THE GET RECORD METHOD WITH HEADER VALIDATION !
2020-07-02 14:27:25 INFO  TestBase:59 - EXECUTING THE POST RECORD METHOD WITH STATUS CODE VALIDATION !
2020-07-02 14:27:26 INFO  TestBase:59 - EXECUTING THE POST RECORD METHOD WITH BODY VALIDATION !
2020-07-02 14:27:27 INFO  TestBase:59 - EXECUTING THE POST RECORD METHOD WITH RESPONSE TIME VALIDATION !
2020-07-02 14:27:28 INFO  TestBase:59 - EXECUTING THE POST RECORD METHOD WITH FIELD VALIDATION !
2020-07-02 14:27:30 INFO  TestBase:59 - EXECUTING THE POST RECORD METHOD WITH HEADER VALIDATION !
2020-07-02 14:27:31 INFO  TestBase:59 - EXECUTING THE PUT RECORD METHOD WITH BODY VALIDATION !
2020-07-02 14:27:32 INFO  TestBase:59 - EXECUTING THE PUT RECORD METHOD WITH STATUS CODE VALIDATION !
2020-07-02 14:27:33 INFO  TestBase:59 - EXECUTING THE PUT RECORD METHOD WITH FIELD VALIDATION !
2020-07-02 14:27:34 INFO  TestBase:59 - EXECUTING THE PUT RECORD METHOD WITH RESPONSE TIME VALIDATION !
2020-07-02 14:27:35 INFO  TestBase:59 - EXECUTING THE PUT RECORD METHOD WITH HEADER VALIDATION !
2020-07-02 14:27:37 INFO  TestBase:59 - EXECUTING THE DELETE RECORD METHOD
2020-07-02 14:27:38 INFO  TestBase:59 - EXECUTING THE DELETE RECORD METHOD WITH RESPONSE TIME VALIDATION !
2020-07-02 14:27:39 INFO  TestBase:59 - EXECUTING THE DELETE RECORD METHOD WITH HEADER VALIDATION !
